{"timestamp":"2025-09-09T10:45:16.794Z","level":"ERROR","message":"Request resulted in error","method":"POST","url":"/api/auth/login","statusCode":401,"responseTime":"38ms","error":null,"pid":23356,"hostname":"MSI"}
{"timestamp":"2025-09-09T10:54:43.941Z","level":"ERROR","message":"Request resulted in error","method":"POST","url":"/api/auth/login","statusCode":401,"responseTime":"13ms","error":null,"pid":23356,"hostname":"MSI"}
{"timestamp":"2025-09-09T11:29:01.003Z","level":"ERROR","message":"Request resulted in error","method":"GET","url":"/%7B1%7D","statusCode":500,"responseTime":"14ms","error":null,"pid":23356,"hostname":"MSI"}
{"timestamp":"2025-09-09T11:31:17.755Z","level":"ERROR","message":"Request resulted in error","method":"POST","url":"/api/quizzes","statusCode":401,"responseTime":"3ms","error":null,"pid":23356,"hostname":"MSI"}
{"timestamp":"2025-09-09T11:32:02.420Z","level":"ERROR","message":"Request resulted in error","method":"POST","url":"/api/quizzes","statusCode":401,"responseTime":"3ms","error":null,"pid":23356,"hostname":"MSI"}
{"timestamp":"2025-09-09T11:39:07.521Z","level":"ERROR","message":"Request resulted in error","method":"POST","url":"/","statusCode":500,"responseTime":"13ms","error":null,"pid":23356,"hostname":"MSI"}
{"timestamp":"2025-09-09T11:48:24.088Z","level":"ERROR","message":"Request resulted in error","method":"POST","url":"/","statusCode":500,"responseTime":"29ms","error":null,"pid":23024,"hostname":"MSI"}
{"timestamp":"2025-09-09T12:25:44.776Z","level":"ERROR","message":"Request resulted in error","method":"GET","url":"/global?limit=20&offset=0","statusCode":500,"responseTime":"7ms","error":null,"pid":16468,"hostname":"MSI"}
{"timestamp":"2025-09-09T12:25:44.781Z","level":"ERROR","message":"Request resulted in error","method":"GET","url":"/global?limit=20&offset=0","statusCode":500,"responseTime":"3ms","error":null,"pid":16468,"hostname":"MSI"}
{"timestamp":"2025-09-09T12:25:56.363Z","level":"ERROR","message":"Request resulted in error","method":"GET","url":"/profile","statusCode":500,"responseTime":"18ms","error":null,"pid":16468,"hostname":"MSI"}
{"timestamp":"2025-09-09T12:26:25.794Z","level":"ERROR","message":"Request resulted in error","method":"GET","url":"/global?limit=20&offset=0","statusCode":500,"responseTime":"2ms","error":null,"pid":16468,"hostname":"MSI"}
{"timestamp":"2025-09-09T12:26:25.797Z","level":"ERROR","message":"Request resulted in error","method":"GET","url":"/global?limit=20&offset=0","statusCode":500,"responseTime":"2ms","error":null,"pid":16468,"hostname":"MSI"}
{"timestamp":"2025-09-09T13:16:24.289Z","level":"ERROR","message":"Request resulted in error","method":"GET","url":"/profile","statusCode":500,"responseTime":"45ms","error":null,"pid":22460,"hostname":"MSI"}
{"timestamp":"2025-09-10T05:27:09.259Z","level":"ERROR","message":"Request resulted in error","method":"POST","url":"/","statusCode":500,"responseTime":"18ms","error":null,"pid":18100,"hostname":"MSI"}
{"timestamp":"2025-09-10T05:27:39.012Z","level":"ERROR","message":"Request resulted in error","method":"POST","url":"/","statusCode":500,"responseTime":"8ms","error":null,"pid":18100,"hostname":"MSI"}
{"timestamp":"2025-09-10T06:48:41.305Z","level":"ERROR","message":"Request resulted in error","method":"POST","url":"/api/auth/register","statusCode":400,"responseTime":"25ms","error":null,"pid":5828,"hostname":"MSI"}
{"timestamp":"2025-09-10T06:49:00.386Z","level":"ERROR","message":"Request resulted in error","method":"POST","url":"/api/auth/register","statusCode":400,"responseTime":"4ms","error":null,"pid":5828,"hostname":"MSI"}
{"timestamp":"2025-09-10T06:49:48.245Z","level":"ERROR","message":"Request resulted in error","method":"POST","url":"/api/auth/register","statusCode":400,"responseTime":"4ms","error":null,"pid":5828,"hostname":"MSI"}
{"timestamp":"2025-09-10T06:55:01.790Z","level":"ERROR","message":"Request resulted in error","method":"POST","url":"/api/auth/regis","statusCode":404,"responseTime":"3ms","error":null,"pid":5828,"hostname":"MSI"}
{"timestamp":"2025-09-10T06:55:57.461Z","level":"ERROR","message":"Request resulted in error","method":"POST","url":"/api/auth/login","statusCode":401,"responseTime":"458ms","error":null,"pid":5828,"hostname":"MSI"}
{"timestamp":"2025-09-10T07:37:49.972Z","level":"ERROR","message":"Request resulted in error","method":"GET","url":"/api/quizzes/%7Bid%7D/attempt","statusCode":404,"responseTime":"28ms","error":null,"pid":5828,"hostname":"MSI"}
{"timestamp":"2025-09-10T07:38:00.031Z","level":"ERROR","message":"Request resulted in error","method":"GET","url":"/api/quizzes/1/attempt","statusCode":404,"responseTime":"5ms","error":null,"pid":5828,"hostname":"MSI"}
